148	2.000000	husky/siberian-husky-60047_960_720.jpg
110	2.000000	husky/3231-siberian-husky-sleeping-ground.jpg
65	1.000000	dalmatian/3434361713_594032cd9e_b.jpg
1	0.000000	beagle/1280px-Beagle.jpg
25	0.000000	beagle/Beagle_portrait_Camry.jpg
57	1.000000	dalmatian/15894182791_f14f9368cd_s.jpg
14	0.000000	beagle/5824913575_60bef32200_b.jpg
118	2.000000	husky/Siberian-husky.jpg
58	1.000000	dalmatian/16195265195_796ac0fe66_b.jpg
131	2.000000	husky/dog-1160443_960_720.jpg
126	2.000000	husky/Siberian_Husky_piebald.jpg
53	1.000000	dalmatian/1280px-Dalmatian_Bamsej_Magiczna_Oaza_-_head.jpg
86	1.000000	dalmatian/Dalmatiner_2.jpg
113	2.000000	husky/Husky_L.jpg
20	0.000000	beagle/Beagle_745.jpg
133	2.000000	husky/hqdefault.jpg
120	2.000000	husky/Siberian_Husky_Ivan_and_Alaskan_Malamute_Inu.jpg
88	1.000000	dalmatian/ShadyDalmatier1_zpsa84aed57.jpg
63	1.000000	dalmatian/3257975283_cc82c71dc2.jpg
135	2.000000	husky/husky-1025296_960_720.jpg
32	0.000000	beagle/beagle-1086826_960_720.jpg
111	2.000000	husky/639px-Siberian_Husky_wolfgray_Sweden.jpg
31	0.000000	beagle/beagle-1069765_960_720.jpg
17	0.000000	beagle/Beagle-Girl.JPG
30	0.000000	beagle/Tommy_Beagle_Limon.JPG
10	0.000000	beagle/3111-beagle-smelling-ground.jpg
49	0.000000	beagle/maxresdefault.jpg
78	1.000000	dalmatian/8581341069_21953bf05f_b.jpg
54	1.000000	dalmatian/1280px-Female_dalmatian_head_shot.jpg
77	1.000000	dalmatian/5784073954_c859a098de_b.jpg
34	0.000000	beagle/beagle-166873_960_720.jpg
87	1.000000	dalmatian/Prunella_Fitzgerald_de_Puech_Barrayre.jpg
51	1.000000	dalmatian/10181153364_a4aa7c4c9a_b.jpg
122	2.000000	husky/Siberian_Husky_agouti.jpg
71	1.000000	dalmatian/3438858096_aff566bd6c_b.jpg
68	1.000000	dalmatian/3435163480_7977e63547_b.jpg
61	1.000000	dalmatian/304968069_b4430e155e_b.jpg
18	0.000000	beagle/Beagle-Rüde.JPG
149	2.000000	husky/siberian-husky-7379_960_720.jpg
73	1.000000	dalmatian/4321100930_dbceb8b6aa_b.jpg
38	0.000000	beagle/beagle-938018_960_720.jpg
97	1.000000	dalmatian/dog-533933_960_720.jpg
5	0.000000	beagle/3099-beagle.jpg
28	0.000000	beagle/Beagle_tongue_hanging_out.jpg
139	2.000000	husky/husky-1439299496lXN.jpg
4	0.000000	beagle/3098-beagle.jpg
141	2.000000	husky/husky-333628_960_720.jpg
89	1.000000	dalmatian/cute-puppies-playing.jpg
2	0.000000	beagle/16182438211_e078fbdf05_b.jpg
43	0.000000	beagle/beagle-puppy.jpg
40	0.000000	beagle/beagle-dog.jpg
8	0.000000	beagle/3107-beagle-dogs.jpg
37	0.000000	beagle/beagle-863585_960_720.jpg
123	2.000000	husky/Siberian_Husky_bi-eyed_Flickr.jpg
128	2.000000	husky/Siberian_Husky_sable.jpg
36	0.000000	beagle/beagle-700879_960_720.jpg
147	2.000000	husky/siberian-husky-60046_960_720.jpg
84	1.000000	dalmatian/Dalmatian_puppy.JPG
60	1.000000	dalmatian/23933926581_be184c87d4_b.jpg
56	1.000000	dalmatian/14168584771_50bf731276_b.jpg
132	2.000000	husky/dog-164372_960_720.jpg
105	2.000000	husky/3104818007_c341cca545_b.jpg
137	2.000000	husky/husky-1235335_960_720.jpg
98	1.000000	dalmatian/dog-740658_960_720.jpg
92	1.000000	dalmatian/dalmatian-82397_960_720.jpg
7	0.000000	beagle/3106-beagle-dog.jpg
119	2.000000	husky/Siberian_Husky-001.jpg
94	1.000000	dalmatian/dalmatian-puppy-dog.jpg
39	0.000000	beagle/beagle-959624_960_720.jpg
109	2.000000	husky/3230-siberian-husky-sitting-on-ground.jpg
95	1.000000	dalmatian/dalmatians-765138_960_720.jpg
74	1.000000	dalmatian/4365865194_35f888cefa_m.jpg
90	1.000000	dalmatian/dalmatian-568649_960_720.jpg
16	0.000000	beagle/A_beagle_focused.jpg
85	1.000000	dalmatian/Dalmatian_puppy_black_Orion.jpg
3	0.000000	beagle/2671764063_e8c3326c85_b.jpg
9	0.000000	beagle/3109-beagle-sitting-ground.jpg
138	2.000000	husky/husky-1439299443c9q.jpg
117	2.000000	husky/Labrador_husky_pup.JPG
108	2.000000	husky/3215-siberian-husky-beautiful.jpg
125	2.000000	husky/Siberian_Husky_copper_bi-eye.jpg
55	1.000000	dalmatian/13029677134_c1c220e86b_b.jpg
12	0.000000	beagle/3114-beagle.jpg
48	0.000000	beagle/maxresdefault (1).jpg
41	0.000000	beagle/beagle-harrier-766532_960_720.jpg
44	0.000000	beagle/dog-1258102_960_720.jpg
116	2.000000	husky/Kříženec_husky_-_alaskan._Neuznané_plemeno.jpg
144	2.000000	husky/net-geen-husky.jpg
145	2.000000	husky/siberian-husky-1291343_960_720.jpg
93	1.000000	dalmatian/dalmatian-dog-725x484.jpg
143	2.000000	husky/maxresdefault.jpg
100	2.000000	husky/152760801_c380327b05.jpg
82	1.000000	dalmatian/Budweiser_Clydesdale_Dalmatian.JPG
142	2.000000	husky/husky-986407_960_720.jpg
72	1.000000	dalmatian/3776451999_143eac26f3_m.jpg
46	0.000000	beagle/hqdefault (1).jpg
35	0.000000	beagle/beagle-547865_960_720.jpg
83	1.000000	dalmatian/Dalmatian_black_front.jpg
33	0.000000	beagle/beagle-1091670_960_720.jpg
102	2.000000	husky/2108609934_6db6c8e476_b.jpg
107	2.000000	husky/3214-siberian-husky-beautiful-dog.jpg
29	0.000000	beagle/Cute_beagle_puppy_lilly.jpg
52	1.000000	dalmatian/10759633426_e2c657a818_b.jpg
80	1.000000	dalmatian/9717072612_376407e903_b.jpg
75	1.000000	dalmatian/4759832869_c05272fdbc_b.jpg
140	2.000000	husky/husky-273421_960_720.jpg
134	2.000000	husky/huskies-333629_960_720.jpg
59	1.000000	dalmatian/2283784569_87c09ca7b7_b.jpg
13	0.000000	beagle/4215810171_76572be545.jpg
99	1.000000	dalmatian/download.jpeg
70	1.000000	dalmatian/3438851886_6646ab4f02_b.jpg
50	1.000000	dalmatian/1002px-2_yr_old_Dalmatian.jpg
127	2.000000	husky/Siberian_Husky_red_Flickr.jpg
104	2.000000	husky/304096636_8363fbaec5_o.jpg
96	1.000000	dalmatian/dog-220462_960_720.jpg
22	0.000000	beagle/Beagle_Faraon.JPG
66	1.000000	dalmatian/3434366265_14a8e132c4_b.jpg
91	1.000000	dalmatian/dalmatian-752509_960_720.jpg
47	0.000000	beagle/hqdefault.jpg
0	0.000000	beagle/1024px-Beagle_1.jpg
